<?xml version="1.0" encoding="UTF-8"?>
<!-- Generated by org.testng.reporters.JUnitXMLReporter -->
<testsuite ignored="0" hostname="DESKTOP-I3R1UER" failures="0" tests="7" name="Default test" time="94.567" errors="0" timestamp="2022-10-12T11:07:00 IST">
  <testcase classname="com.demo.FlipkartTestEdge" name="closeLogin" time="2.308"/>
  <testcase classname="com.demo.FlipkartTestEdge" name="scroll" time="6.571"/>
  <testcase classname="com.demo.FlipkartTestEdge" name="searchProduct" time="6.635"/>
  <testcase classname="com.demo.FlipkartTestEdge" name="loadImage" time="9.774"/>
  <testcase classname="com.demo.FlipkartTestEdge" name="scrollFrequency" time="2.589"/>
  <testcase classname="com.demo.FlipkartTestEdge" name="downloadImages" time="0.393"/>
  <testcase classname="com.demo.FlipkartTestEdge" name="screenResolution" time="8.378"/>
</testsuite> <!-- Default test -->
