<?xml version="1.0" encoding="UTF-8"?>
<testng-results ignored="0" total="1" passed="1" failed="0" skipped="0">
  <reporter-output>
  </reporter-output>
  <suite started-at="2022-10-04T19:42:25 IST" name="Default suite" finished-at="2022-10-04T19:42:59 IST" duration-ms="33816">
    <groups>
    </groups>
    <test started-at="2022-10-04T19:42:25 IST" name="Default test" finished-at="2022-10-04T19:42:59 IST" duration-ms="33816">
      <class name="com.testing.SignIn">
        <test-method is-config="true" signature="beforeMethod()[pri:0, instance:com.testing.SignIn@37afeb11]" started-at="2022-10-04T19:42:25 IST" name="beforeMethod" finished-at="2022-10-04T19:42:30 IST" duration-ms="4825" status="PASS">
          <reporter-output>
          </reporter-output>
        </test-method> <!-- beforeMethod -->
        <test-method signature="signinTest()[pri:0, instance:com.testing.SignIn@37afeb11]" started-at="2022-10-04T19:42:30 IST" name="signinTest" finished-at="2022-10-04T19:42:38 IST" duration-ms="7998" status="PASS">
          <reporter-output>
          </reporter-output>
        </test-method> <!-- signinTest -->
        <test-method is-config="true" signature="afterMethod()[pri:0, instance:com.testing.SignIn@37afeb11]" started-at="2022-10-04T19:42:38 IST" name="afterMethod" finished-at="2022-10-04T19:42:59 IST" duration-ms="20914" status="PASS">
          <reporter-output>
          </reporter-output>
        </test-method> <!-- afterMethod -->
      </class> <!-- com.testing.SignIn -->
    </test> <!-- Default test -->
  </suite> <!-- Default suite -->
</testng-results>
